c:\фит\лабораторные работы\5 сем\окг\лабораторная работа 3\okg-laba3\okg-laba3\debug\vc143.pdb
c:\фит\лабораторные работы\5 сем\окг\лабораторная работа 3\okg-laba3\okg-laba3\debug\vc143.idb
c:\фит\лабораторные работы\5 сем\окг\лабораторная работа 3\okg-laba3\okg-laba3\debug\okg-laba3.obj
c:\фит\лабораторные работы\5 сем\окг\лабораторная работа 3\okg-laba3\okg-laba3\debug\mainfrm.obj
c:\фит\лабораторные работы\5 сем\окг\лабораторная работа 3\okg-laba3\okg-laba3\debug\libchart2d.obj
c:\фит\лабораторные работы\5 сем\окг\лабораторная работа 3\okg-laba3\okg-laba3\debug\childview.obj
c:\фит\лабораторные работы\5 сем\окг\лабораторная работа 3\okg-laba3\okg-laba3\debug\cmatrix.obj
c:\фит\лабораторные работы\5 сем\окг\лабораторная работа 3\okg-laba3\debug\okg-laba3.exe
c:\фит\лабораторные работы\5 сем\окг\лабораторная работа 3\okg-laba3\debug\okg-laba3.pdb
c:\фит\лабораторные работы\5 сем\окг\лабораторная работа 3\okg-laba3\okg-laba3\debug\okglaba3.res
c:\фит\лабораторные работы\5 сем\окг\лабораторная работа 3\okg-laba3\okg-laba3\debug\okg-laba3.ilk
c:\фит\лабораторные работы\5 сем\окг\лабораторная работа 3\okg-laba3\okg-laba3\debug\okg-laba3.tlog\cl.command.1.tlog
c:\фит\лабораторные работы\5 сем\окг\лабораторная работа 3\okg-laba3\okg-laba3\debug\okg-laba3.tlog\cl.items.tlog
c:\фит\лабораторные работы\5 сем\окг\лабораторная работа 3\okg-laba3\okg-laba3\debug\okg-laba3.tlog\cl.read.1.tlog
c:\фит\лабораторные работы\5 сем\окг\лабораторная работа 3\okg-laba3\okg-laba3\debug\okg-laba3.tlog\cl.write.1.tlog
c:\фит\лабораторные работы\5 сем\окг\лабораторная работа 3\okg-laba3\okg-laba3\debug\okg-laba3.tlog\link.command.1.tlog
c:\фит\лабораторные работы\5 сем\окг\лабораторная работа 3\okg-laba3\okg-laba3\debug\okg-laba3.tlog\link.read.1.tlog
c:\фит\лабораторные работы\5 сем\окг\лабораторная работа 3\okg-laba3\okg-laba3\debug\okg-laba3.tlog\link.secondary.1.tlog
c:\фит\лабораторные работы\5 сем\окг\лабораторная работа 3\okg-laba3\okg-laba3\debug\okg-laba3.tlog\link.write.1.tlog
c:\фит\лабораторные работы\5 сем\окг\лабораторная работа 3\okg-laba3\okg-laba3\debug\okg-laba3.tlog\rc.command.1.tlog
c:\фит\лабораторные работы\5 сем\окг\лабораторная работа 3\okg-laba3\okg-laba3\debug\okg-laba3.tlog\rc.read.1.tlog
c:\фит\лабораторные работы\5 сем\окг\лабораторная работа 3\okg-laba3\okg-laba3\debug\okg-laba3.tlog\rc.write.1.tlog
